# JRE version: OpenJDK Runtime Environment (11.0.11+9) (build 11.0.11+9-b60-7590822)
# Java VM: OpenJDK 64-Bit Server VM (11.0.11+9-b60-7590822, mixed mode, tiered, compressed oops, g1 gc, windows-amd64)
Heap:
 garbage-first heap   total 262144K, used 152664K [0x0000000080000000, 0x0000000100000000)
  region size 1024K, 6 young (6144K), 2 survivors (2048K)
 Metaspace       used 117499K, capacity 120188K, committed 121600K, reserved 1155072K
  class space    used 14687K, capacity 15686K, committed 16128K, reserved 1048576K
GC Heap History (20 events):
Event: 419.405 GC heap after
{Heap after GC invocations=16 (full 0):
 garbage-first heap   total 262144K, used 96252K [0x0000000080000000, 0x0000000100000000)
  region size 1024K, 6 young (6144K), 6 survivors (6144K)
 Metaspace       used 88277K, capacity 91026K, committed 91136K, reserved 1128448K
  class space    used 11535K, capacity 12479K, committed 12544K, reserved 1048576K
}
Event: 429.923 GC heap before
{Heap before GC invocations=16 (full 0):
 garbage-first heap   total 262144K, used 222204K [0x0000000080000000, 0x0000000100000000)
  region size 1024K, 116 young (118784K), 6 survivors (6144K)
 Metaspace       used 94820K, capacity 97738K, committed 98048K, reserved 1134592K
  class space    used 12259K, capacity 13240K, committed 13312K, reserved 1048576K
}
Event: 429.937 GC heap after
{Heap after GC invocations=17 (full 0):
 garbage-first heap   total 262144K, used 119097K [0x0000000080000000, 0x0000000100000000)
  region size 1024K, 15 young (15360K), 15 survivors (15360K)
 Metaspace       used 94820K, capacity 97738K, committed 98048K, reserved 1134592K
  class space    used 12259K, capacity 13240K, committed 13312K, reserved 1048576K
}
Event: 435.586 GC heap before
{Heap before GC invocations=17 (full 0):
 garbage-first heap   total 262144K, used 211257K [0x0000000080000000, 0x0000000100000000)
  region size 1024K, 106 young (108544K), 15 survivors (15360K)
 Metaspace       used 102584K, capacity 105584K, committed 105728K, reserved 1140736K
  class space    used 13205K, capacity 14281K, committed 14336K, reserved 1048576K
}
Event: 435.600 GC heap after
{Heap after GC invocations=18 (full 0):
 garbage-first heap   total 262144K, used 124918K [0x0000000080000000, 0x0000000100000000)
  region size 1024K, 7 young (7168K), 7 survivors (7168K)
 Metaspace       used 102584K, capacity 105584K, committed 105728K, reserved 1140736K
  class space    used 13205K, capacity 14281K, committed 14336K, reserved 1048576K
}
Event: 446.302 GC heap before
{Heap before GC invocations=18 (full 0):
 garbage-first heap   total 262144K, used 214006K [0x0000000080000000, 0x0000000100000000)
  region size 1024K, 94 young (96256K), 7 survivors (7168K)
 Metaspace       used 109255K, capacity 112598K, committed 112896K, reserved 1146880K
  class space    used 14106K, capacity 15306K, committed 15360K, reserved 1048576K
}
Event: 446.322 GC heap after
{Heap after GC invocations=19 (full 0):
 garbage-first heap   total 262144K, used 129547K [0x0000000080000000, 0x0000000100000000)
  region size 1024K, 12 young (12288K), 12 survivors (12288K)
 Metaspace       used 109255K, capacity 112598K, committed 112896K, reserved 1146880K
  class space    used 14106K, capacity 15306K, committed 15360K, reserved 1048576K
}
Event: 4045.003 GC heap before
{Heap before GC invocations=20 (full 0):
 garbage-first heap   total 262144K, used 213515K [0x0000000080000000, 0x0000000100000000)
  region size 1024K, 95 young (97280K), 12 survivors (12288K)
 Metaspace       used 109333K, capacity 112481K, committed 113152K, reserved 1146880K
  class space    used 14033K, capacity 15146K, committed 15360K, reserved 1048576K
}
Event: 4045.037 GC heap after
{Heap after GC invocations=21 (full 0):
 garbage-first heap   total 262144K, used 131517K [0x0000000080000000, 0x0000000100000000)
  region size 1024K, 8 young (8192K), 8 survivors (8192K)
 Metaspace       used 109333K, capacity 112481K, committed 113152K, reserved 1146880K
  class space    used 14033K, capacity 15146K, committed 15360K, reserved 1048576K
}
Event: 4045.897 GC heap before
{Heap before GC invocations=21 (full 0):
 garbage-first heap   total 262144K, used 161213K [0x0000000080000000, 0x0000000100000000)
  region size 1024K, 39 young (39936K), 8 survivors (8192K)
 Metaspace       used 110303K, capacity 113500K, committed 114048K, reserved 1148928K
  class space    used 14094K, capacity 15261K, committed 15488K, reserved 1048576K
}
Event: 4045.915 GC heap after
{Heap after GC invocations=22 (full 0):
 garbage-first heap   total 262144K, used 135026K [0x0000000080000000, 0x0000000100000000)
  region size 1024K, 6 young (6144K), 6 survivors (6144K)
 Metaspace       used 110303K, capacity 113500K, committed 114048K, reserved 1148928K
  class space    used 14094K, capacity 15261K, committed 15488K, reserved 1048576K
}
Event: 4048.985 GC heap before
{Heap before GC invocations=23 (full 0):
 garbage-first heap   total 262144K, used 228210K [0x0000000080000000, 0x0000000100000000)
  region size 1024K, 88 young (90112K), 6 survivors (6144K)
 Metaspace       used 113165K, capacity 116004K, committed 117120K, reserved 1150976K
  class space    used 14368K, capacity 15425K, committed 15744K, reserved 1048576K
}
Event: 4049.012 GC heap after
{Heap after GC invocations=24 (full 0):
 garbage-first heap   total 262144K, used 153069K [0x0000000080000000, 0x0000000100000000)
  region size 1024K, 11 young (11264K), 11 survivors (11264K)
 Metaspace       used 113165K, capacity 116004K, committed 117120K, reserved 1150976K
  class space    used 14368K, capacity 15425K, committed 15744K, reserved 1048576K
}
Event: 4049.019 GC heap before
{Heap before GC invocations=24 (full 0):
 garbage-first heap   total 262144K, used 154093K [0x0000000080000000, 0x0000000100000000)
  region size 1024K, 12 young (12288K), 11 survivors (11264K)
 Metaspace       used 113165K, capacity 116004K, committed 117120K, reserved 1150976K
  class space    used 14368K, capacity 15425K, committed 15744K, reserved 1048576K
}
Event: 4049.041 GC heap after
{Heap after GC invocations=25 (full 0):
 garbage-first heap   total 262144K, used 139995K [0x0000000080000000, 0x0000000100000000)
  region size 1024K, 1 young (1024K), 1 survivors (1024K)
 Metaspace       used 113165K, capacity 116004K, committed 117120K, reserved 1150976K
  class space    used 14368K, capacity 15425K, committed 15744K, reserved 1048576K
}
Event: 4049.356 GC heap before
{Heap before GC invocations=25 (full 0):
 garbage-first heap   total 262144K, used 156379K [0x0000000080000000, 0x0000000100000000)
  region size 1024K, 19 young (19456K), 1 survivors (1024K)
 Metaspace       used 113245K, capacity 116100K, committed 117504K, reserved 1150976K
  class space    used 14374K, capacity 15457K, committed 15872K, reserved 1048576K
}
Event: 4049.364 GC heap after
{Heap after GC invocations=26 (full 0):
 garbage-first heap   total 262144K, used 145430K [0x0000000080000000, 0x0000000100000000)
  region size 1024K, 6 young (6144K), 6 survivors (6144K)
 Metaspace       used 113245K, capacity 116100K, committed 117504K, reserved 1150976K
  class space    used 14374K, capacity 15457K, committed 15872K, reserved 1048576K
}
Event: 4050.670 GC heap before
{Heap before GC invocations=27 (full 0):
 garbage-first heap   total 262144K, used 229398K [0x0000000080000000, 0x0000000100000000)
  region size 1024K, 73 young (74752K), 6 survivors (6144K)
 Metaspace       used 117452K, capacity 120124K, committed 121600K, reserved 1155072K
  class space    used 14684K, capacity 15686K, committed 16128K, reserved 1048576K
}
Event: 4050.680 GC heap after
{Heap after GC invocations=28 (full 0):
 garbage-first heap   total 262144K, used 148568K [0x0000000080000000, 0x0000000100000000)
  region size 1024K, 8 young (8192K), 8 survivors (8192K)
 Metaspace       used 117452K, capacity 120124K, committed 121600K, reserved 1155072K
  class space    used 14684K, capacity 15686K, committed 16128K, reserved 1048576K
}
Event: 4050.695 GC heap before
{Heap before GC invocations=28 (full 0):
 garbage-first heap   total 262144K, used 152664K [0x0000000080000000, 0x0000000100000000)
  region size 1024K, 12 young (12288K), 8 survivors (8192K)
 Metaspace       used 117499K, capacity 120188K, committed 121600K, reserved 1155072K
  class space    used 14687K, capacity 15686K, committed 16128K, reserved 1048576K
}

